<?xml version="1.0" encoding="UTF-8"?>
<!-- Generated by org.testng.reporters.JUnitXMLReporter -->
<testsuite ignored="0" hostname="LAPTOP-MFMTPE0Q" failures="1" tests="2" name="Error Validation Test" time="29.428" errors="0" timestamp="2023-12-29T17:22:26 IST">
  <testcase classname="LearnSelenium.tests.ErrorValidationTest" name="LoginErrorValidation" time="0.444">
    <failure type="java.lang.AssertionError" message="expected [Incorrect email or password.] but found [ncorrect email or password.]">
      <![CDATA[java.lang.AssertionError: expected [Incorrect email or password.] but found [ncorrect email or password.]
at LearnSelenium.tests.ErrorValidationTest.LoginErrorValidation(ErrorValidationTest.java:26)
at java.base/java.util.ArrayList.forEach(ArrayList.java:1511)
at java.base/java.util.concurrent.FutureTask.run(FutureTask.java:264)
at java.base/java.util.concurrent.ThreadPoolExecutor.runWorker(ThreadPoolExecutor.java:1136)
at java.base/java.util.concurrent.ThreadPoolExecutor$Worker.run(ThreadPoolExecutor.java:635)
at java.base/java.lang.Thread.run(Thread.java:833)
... Removed 23 stack frames]]>
    </failure>
  </testcase> <!-- LoginErrorValidation -->
  <testcase classname="LearnSelenium.tests.ErrorValidationTest" name="ProductErrorValidation" time="23.316"/>
</testsuite> <!-- Error Validation Test -->
