<?xml version="1.0" encoding="UTF-8"?>
<testng-results ignored="0" total="5" passed="4" failed="1" skipped="0">
  <reporter-output>
  </reporter-output>
  <suite started-at="2023-12-29T17:21:57 IST" name="Suite" finished-at="2023-12-29T17:22:54 IST" duration-ms="57387">
    <groups>
      <group name="Purchase">
        <method signature="SubmitOrderTest.SubmitOrder(java.util.HashMap)[pri:0, instance:LearnSelenium.tests.SubmitOrderTest@602e0143]" name="SubmitOrder" class="LearnSelenium.tests.SubmitOrderTest"/>
      </group> <!-- Purchase -->
      <group name="Errorhandling">
        <method signature="ErrorValidationTest.LoginErrorValidation()[pri:0, instance:LearnSelenium.tests.ErrorValidationTest@6155d082]" name="LoginErrorValidation" class="LearnSelenium.tests.ErrorValidationTest"/>
        <method signature="ErrorValidationTest.ProductErrorValidation()[pri:0, instance:LearnSelenium.tests.ErrorValidationTest@6155d082]" name="ProductErrorValidation" class="LearnSelenium.tests.ErrorValidationTest"/>
      </group> <!-- Errorhandling -->
    </groups>
    <test started-at="2023-12-29T17:21:57 IST" name="Error Validation Test" finished-at="2023-12-29T17:22:26 IST" duration-ms="29428">
      <class name="LearnSelenium.tests.ErrorValidationTest">
        <test-method is-config="true" signature="launchApplication()[pri:0, instance:LearnSelenium.tests.ErrorValidationTest@6155d082]" started-at="2023-12-29T17:21:57 IST" name="launchApplication" finished-at="2023-12-29T17:21:59 IST" duration-ms="2688" status="PASS">
          <reporter-output>
          </reporter-output>
        </test-method> <!-- launchApplication -->
        <test-method signature="LoginErrorValidation()[pri:0, instance:LearnSelenium.tests.ErrorValidationTest@6155d082]" started-at="2023-12-29T17:21:59 IST" name="LoginErrorValidation" finished-at="2023-12-29T17:22:00 IST" duration-ms="444" status="FAIL">
          <exception class="java.lang.AssertionError">
            <message>
              <![CDATA[expected [Incorrect email or password.] but found [ncorrect email or password.]]]>
            </message>
            <full-stacktrace>
              <![CDATA[java.lang.AssertionError: expected [Incorrect email or password.] but found [ncorrect email or password.]
at org.testng.Assert.fail(Assert.java:110)
at org.testng.Assert.failNotEquals(Assert.java:1577)
at org.testng.Assert.assertEqualsImpl(Assert.java:149)
at org.testng.Assert.assertEquals(Assert.java:131)
at org.testng.Assert.assertEquals(Assert.java:655)
at org.testng.Assert.assertEquals(Assert.java:665)
at LearnSelenium.tests.ErrorValidationTest.LoginErrorValidation(ErrorValidationTest.java:26)
at java.base/jdk.internal.reflect.NativeMethodAccessorImpl.invoke0(Native Method)
at java.base/jdk.internal.reflect.NativeMethodAccessorImpl.invoke(NativeMethodAccessorImpl.java:77)
at java.base/jdk.internal.reflect.DelegatingMethodAccessorImpl.invoke(DelegatingMethodAccessorImpl.java:43)
at java.base/java.lang.reflect.Method.invoke(Method.java:568)
at org.testng.internal.invokers.MethodInvocationHelper.invokeMethod(MethodInvocationHelper.java:139)
at org.testng.internal.invokers.TestInvoker.invokeMethod(TestInvoker.java:677)
at org.testng.internal.invokers.TestInvoker.invokeTestMethod(TestInvoker.java:221)
at org.testng.internal.invokers.MethodRunner.runInSequence(MethodRunner.java:50)
at org.testng.internal.invokers.TestInvoker$MethodInvocationAgent.invoke(TestInvoker.java:969)
at org.testng.internal.invokers.TestInvoker.invokeTestMethods(TestInvoker.java:194)
at org.testng.internal.invokers.TestMethodWorker.invokeTestMethods(TestMethodWorker.java:148)
at org.testng.internal.invokers.TestMethodWorker.run(TestMethodWorker.java:128)
at java.base/java.util.ArrayList.forEach(ArrayList.java:1511)
at org.testng.TestRunner.privateRun(TestRunner.java:829)
at org.testng.TestRunner.run(TestRunner.java:602)
at org.testng.SuiteRunner.runTest(SuiteRunner.java:437)
at org.testng.SuiteRunner$SuiteWorker.run(SuiteRunner.java:475)
at org.testng.internal.thread.ThreadUtil.lambda$execute$0(ThreadUtil.java:58)
at java.base/java.util.concurrent.FutureTask.run(FutureTask.java:264)
at java.base/java.util.concurrent.ThreadPoolExecutor.runWorker(ThreadPoolExecutor.java:1136)
at java.base/java.util.concurrent.ThreadPoolExecutor$Worker.run(ThreadPoolExecutor.java:635)
at java.base/java.lang.Thread.run(Thread.java:833)
]]>
            </full-stacktrace>
          </exception> <!-- java.lang.AssertionError -->
          <reporter-output>
          </reporter-output>
        </test-method> <!-- LoginErrorValidation -->
        <test-method is-config="true" signature="TearDown()[pri:0, instance:LearnSelenium.tests.ErrorValidationTest@6155d082]" started-at="2023-12-29T17:22:00 IST" name="TearDown" finished-at="2023-12-29T17:22:00 IST" duration-ms="93" status="PASS">
          <reporter-output>
          </reporter-output>
        </test-method> <!-- TearDown -->
        <test-method is-config="true" signature="launchApplication()[pri:0, instance:LearnSelenium.tests.ErrorValidationTest@6155d082]" started-at="2023-12-29T17:22:00 IST" name="launchApplication" finished-at="2023-12-29T17:22:03 IST" duration-ms="2602" status="PASS">
          <reporter-output>
          </reporter-output>
        </test-method> <!-- launchApplication -->
        <test-method signature="ProductErrorValidation()[pri:0, instance:LearnSelenium.tests.ErrorValidationTest@6155d082]" started-at="2023-12-29T17:22:03 IST" name="ProductErrorValidation" finished-at="2023-12-29T17:22:26 IST" duration-ms="23316" status="PASS">
          <reporter-output>
          </reporter-output>
        </test-method> <!-- ProductErrorValidation -->
        <test-method is-config="true" signature="TearDown()[pri:0, instance:LearnSelenium.tests.ErrorValidationTest@6155d082]" started-at="2023-12-29T17:22:26 IST" name="TearDown" finished-at="2023-12-29T17:22:26 IST" duration-ms="79" status="PASS">
          <reporter-output>
          </reporter-output>
        </test-method> <!-- TearDown -->
      </class> <!-- LearnSelenium.tests.ErrorValidationTest -->
    </test> <!-- Error Validation Test -->
    <test started-at="2023-12-29T17:21:57 IST" name="Submit Order Test" finished-at="2023-12-29T17:22:54 IST" duration-ms="57387">
      <class name="LearnSelenium.tests.SubmitOrderTest">
        <test-method is-config="true" signature="launchApplication()[pri:0, instance:LearnSelenium.tests.SubmitOrderTest@602e0143]" started-at="2023-12-29T17:21:57 IST" name="launchApplication" finished-at="2023-12-29T17:22:00 IST" duration-ms="2862" status="PASS">
          <reporter-output>
          </reporter-output>
        </test-method> <!-- launchApplication -->
        <test-method signature="SubmitOrder(java.util.HashMap)[pri:0, instance:LearnSelenium.tests.SubmitOrderTest@602e0143]" started-at="2023-12-29T17:22:00 IST" name="SubmitOrder" data-provider="getData" finished-at="2023-12-29T17:22:19 IST" duration-ms="19236" status="PASS">
          <params>
            <param index="0">
              <value>
                <![CDATA[{password=Iamking@000, product=ZARA COAT 3, email=anshika@gmail.com}]]>
              </value>
            </param>
          </params>
          <reporter-output>
          </reporter-output>
        </test-method> <!-- SubmitOrder -->
        <test-method is-config="true" signature="TearDown()[pri:0, instance:LearnSelenium.tests.SubmitOrderTest@602e0143]" started-at="2023-12-29T17:22:19 IST" name="TearDown" finished-at="2023-12-29T17:22:19 IST" duration-ms="82" status="PASS">
          <reporter-output>
          </reporter-output>
        </test-method> <!-- TearDown -->
        <test-method is-config="true" signature="launchApplication()[pri:0, instance:LearnSelenium.tests.SubmitOrderTest@602e0143]" started-at="2023-12-29T17:22:19 IST" name="launchApplication" finished-at="2023-12-29T17:22:25 IST" duration-ms="6506" status="PASS">
          <reporter-output>
          </reporter-output>
        </test-method> <!-- launchApplication -->
        <test-method signature="SubmitOrder(java.util.HashMap)[pri:0, instance:LearnSelenium.tests.SubmitOrderTest@602e0143]" started-at="2023-12-29T17:22:25 IST" name="SubmitOrder" data-provider="getData" finished-at="2023-12-29T17:22:45 IST" duration-ms="19249" status="PASS">
          <params>
            <param index="0">
              <value>
                <![CDATA[{password=Iamking@000, product=ADIDAS ORIGINAL, email=shetty@gmail.com}]]>
              </value>
            </param>
          </params>
          <reporter-output>
          </reporter-output>
        </test-method> <!-- SubmitOrder -->
        <test-method is-config="true" signature="TearDown()[pri:0, instance:LearnSelenium.tests.SubmitOrderTest@602e0143]" started-at="2023-12-29T17:22:45 IST" name="TearDown" finished-at="2023-12-29T17:22:45 IST" duration-ms="81" status="PASS">
          <reporter-output>
          </reporter-output>
        </test-method> <!-- TearDown -->
        <test-method is-config="true" signature="launchApplication()[pri:0, instance:LearnSelenium.tests.SubmitOrderTest@602e0143]" started-at="2023-12-29T17:22:45 IST" name="launchApplication" finished-at="2023-12-29T17:22:48 IST" duration-ms="2796" status="PASS">
          <reporter-output>
          </reporter-output>
        </test-method> <!-- launchApplication -->
        <test-method signature="OrderHistoryTest()[pri:0, instance:LearnSelenium.tests.SubmitOrderTest@602e0143]" started-at="2023-12-29T17:22:48 IST" name="OrderHistoryTest" finished-at="2023-12-29T17:22:54 IST" depends-on-methods="LearnSelenium.tests.SubmitOrderTest.SubmitOrder" duration-ms="6273" status="PASS">
          <reporter-output>
          </reporter-output>
        </test-method> <!-- OrderHistoryTest -->
        <test-method is-config="true" signature="TearDown()[pri:0, instance:LearnSelenium.tests.SubmitOrderTest@602e0143]" started-at="2023-12-29T17:22:54 IST" name="TearDown" finished-at="2023-12-29T17:22:54 IST" duration-ms="92" status="PASS">
          <reporter-output>
          </reporter-output>
        </test-method> <!-- TearDown -->
      </class> <!-- LearnSelenium.tests.SubmitOrderTest -->
    </test> <!-- Submit Order Test -->
  </suite> <!-- Suite -->
</testng-results>
